<?xml version="1.0" encoding="UTF-8"?>
<testng-results ignored="0" total="2" passed="2" failed="0" skipped="0">
  <reporter-output>
  </reporter-output>
  <suite started-at="2023-05-11T21:57:10 IST" name="Suite" finished-at="2023-05-11T21:57:29 IST" duration-ms="18820">
    <groups>
    </groups>
    <test started-at="2023-05-11T21:57:10 IST" name="Test" finished-at="2023-05-11T21:57:29 IST" duration-ms="18820">
      <class name="com.adama.testcases.Login">
        <test-method is-config="true" signature="setup()[pri:0, instance:com.adama.testcases.Login@485966cc]" started-at="2023-05-11T21:57:10 IST" name="setup" finished-at="2023-05-11T21:57:14 IST" duration-ms="4206" status="PASS">
          <reporter-output>
          </reporter-output>
        </test-method> <!-- setup -->
        <test-method signature="loginTest()[pri:-1, instance:com.adama.testcases.Login@485966cc]" started-at="2023-05-11T21:57:14 IST" name="loginTest" finished-at="2023-05-11T21:57:17 IST" duration-ms="2685" status="PASS">
          <reporter-output>
          </reporter-output>
        </test-method> <!-- loginTest -->
        <test-method is-config="true" signature="teardown()[pri:0, instance:com.adama.testcases.Login@485966cc]" started-at="2023-05-11T21:57:17 IST" name="teardown" finished-at="2023-05-11T21:57:17 IST" duration-ms="130" status="PASS">
          <reporter-output>
          </reporter-output>
        </test-method> <!-- teardown -->
      </class> <!-- com.adama.testcases.Login -->
      <class name="com.adama.testcases.Zonal">
        <test-method is-config="true" signature="setup()[pri:0, instance:com.adama.testcases.Zonal@434a63ab]" started-at="2023-05-11T21:57:17 IST" name="setup" finished-at="2023-05-11T21:57:21 IST" duration-ms="3479" status="PASS">
          <reporter-output>
          </reporter-output>
        </test-method> <!-- setup -->
        <test-method signature="ZonalTest()[pri:0, instance:com.adama.testcases.Zonal@434a63ab]" started-at="2023-05-11T21:57:21 IST" name="ZonalTest" finished-at="2023-05-11T21:57:29 IST" duration-ms="8155" status="PASS">
          <reporter-output>
          </reporter-output>
        </test-method> <!-- ZonalTest -->
        <test-method is-config="true" signature="teardown()[pri:0, instance:com.adama.testcases.Zonal@434a63ab]" started-at="2023-05-11T21:57:29 IST" name="teardown" finished-at="2023-05-11T21:57:29 IST" duration-ms="135" status="PASS">
          <reporter-output>
          </reporter-output>
        </test-method> <!-- teardown -->
      </class> <!-- com.adama.testcases.Zonal -->
    </test> <!-- Test -->
  </suite> <!-- Suite -->
</testng-results>
